2025-05-21T10:16:52.453+07:00  INFO 20892 --- [warehouse] [main] s.t.warehouse.WarehouseApplication       : Starting WarehouseApplication using Java 17.0.5 with PID 20892 (D:\Desktop\warehouse\target\classes started by ThinhTran in D:\Desktop\warehouse)
2025-05-21T10:16:52.458+07:00 DEBUG 20892 --- [warehouse] [main] s.t.warehouse.WarehouseApplication       : Running with Spring Boot v3.4.5, Spring v6.2.6
2025-05-21T10:16:52.459+07:00  INFO 20892 --- [warehouse] [main] s.t.warehouse.WarehouseApplication       : No active profile set, falling back to 1 default profile: "default"
2025-05-21T10:16:53.330+07:00  INFO 20892 --- [warehouse] [main] .s.d.r.c.RepositoryConfigurationDelegate : Bootstrapping Spring Data JPA repositories in DEFAULT mode.
2025-05-21T10:16:53.401+07:00  INFO 20892 --- [warehouse] [main] .s.d.r.c.RepositoryConfigurationDelegate : Finished Spring Data repository scanning in 64 ms. Found 7 JPA repository interfaces.
2025-05-21T10:16:54.131+07:00  INFO 20892 --- [warehouse] [main] o.s.b.w.embedded.tomcat.TomcatWebServer  : Tomcat initialized with port 8080 (http)
2025-05-21T10:16:54.141+07:00  INFO 20892 --- [warehouse] [main] o.apache.catalina.core.StandardService   : Starting service [Tomcat]
2025-05-21T10:16:54.142+07:00  INFO 20892 --- [warehouse] [main] o.apache.catalina.core.StandardEngine    : Starting Servlet engine: [Apache Tomcat/10.1.40]
2025-05-21T10:16:54.197+07:00  INFO 20892 --- [warehouse] [main] o.a.c.c.C.[Tomcat].[localhost].[/]       : Initializing Spring embedded WebApplicationContext
2025-05-21T10:16:54.198+07:00  INFO 20892 --- [warehouse] [main] w.s.c.ServletWebServerApplicationContext : Root WebApplicationContext: initialization completed in 1688 ms
2025-05-21T10:16:54.374+07:00 DEBUG 20892 --- [warehouse] [main] .m.m.a.ExceptionHandlerExceptionResolver : ControllerAdvice beans: 2 @ExceptionHandler, 1 ResponseBodyAdvice
2025-05-21T10:16:54.593+07:00  INFO 20892 --- [warehouse] [main] com.zaxxer.hikari.HikariDataSource       : InventoryDB - Starting...
2025-05-21T10:16:54.908+07:00  INFO 20892 --- [warehouse] [main] com.zaxxer.hikari.pool.HikariPool        : InventoryDB - Added connection com.mysql.cj.jdbc.ConnectionImpl@2b35c7aa
2025-05-21T10:16:54.910+07:00  INFO 20892 --- [warehouse] [main] com.zaxxer.hikari.HikariDataSource       : InventoryDB - Start completed.
2025-05-21T10:16:54.953+07:00  INFO 20892 --- [warehouse] [main] org.flywaydb.core.FlywayExecutor         : Database: jdbc:mysql://localhost:3306/InventoryDB?serverTimezone=Asia/Ho_Chi_Minh (MySQL 8.2)
2025-05-21T10:16:54.973+07:00  WARN 20892 --- [warehouse] [main] o.f.c.internal.database.base.Database    : Flyway upgrade recommended: MySQL 8.2 is newer than this version of Flyway and support has not been tested. The latest supported version of MySQL is 8.1.
2025-05-21T10:16:55.016+07:00  INFO 20892 --- [warehouse] [main] o.f.core.internal.command.DbValidate     : Successfully validated 8 migrations (execution time 00:00.032s)
2025-05-21T10:16:55.046+07:00  INFO 20892 --- [warehouse] [main] o.f.core.internal.command.DbMigrate      : Current version of schema `InventoryDB`: 7
2025-05-21T10:16:55.052+07:00  INFO 20892 --- [warehouse] [main] o.f.core.internal.command.DbMigrate      : Schema `InventoryDB` is up to date. No migration necessary.
2025-05-21T10:16:55.600+07:00  INFO 20892 --- [warehouse] [main] o.s.o.j.p.SpringPersistenceUnitInfo      : No LoadTimeWeaver setup: ignoring JPA class transformer
2025-05-21T10:16:56.694+07:00  INFO 20892 --- [warehouse] [main] j.LocalContainerEntityManagerFactoryBean : Initialized JPA EntityManagerFactory for persistence unit 'default'
2025-05-21T10:16:57.190+07:00 DEBUG 20892 --- [warehouse] [main] s.w.s.m.m.a.RequestMappingHandlerMapping : 22 mappings in 'requestMappingHandlerMapping'
2025-05-21T10:16:57.246+07:00  INFO 20892 --- [warehouse] [main] o.s.d.j.r.query.QueryEnhancerFactory     : Hibernate is in classpath; If applicable, HQL parser will be used.
2025-05-21T10:16:57.868+07:00 DEBUG 20892 --- [warehouse] [main] s.thinhtran.warehouse.filter.CorsFilter  : Filter 'corsFilter' configured for use
2025-05-21T10:16:57.868+07:00 DEBUG 20892 --- [warehouse] [main] s.t.w.f.FilterChainExceptionHandler      : Filter 'filterChainExceptionHandler' configured for use
2025-05-21T10:16:57.868+07:00 DEBUG 20892 --- [warehouse] [main] s.thinhtran.warehouse.filter.JwtFilter   : Filter 'jwtFilter' configured for use
2025-05-21T10:16:57.917+07:00  INFO 20892 --- [warehouse] [main] eAuthenticationProviderManagerConfigurer : Global AuthenticationManager configured with AuthenticationProvider bean with name authenticationProvider
2025-05-21T10:16:57.917+07:00  WARN 20892 --- [warehouse] [main] r$InitializeUserDetailsManagerConfigurer : Global AuthenticationManager configured with an AuthenticationProvider bean. UserDetailsService beans will not be used by Spring Security for automatically configuring username/password login. Consider removing the AuthenticationProvider bean. Alternatively, consider using the UserDetailsService in a manually instantiated DaoAuthenticationProvider. If the current configuration is intentional, to turn off this warning, increase the logging level of 'org.springframework.security.config.annotation.authentication.configuration.InitializeUserDetailsBeanManagerConfigurer' to ERROR
2025-05-21T10:16:58.904+07:00 DEBUG 20892 --- [warehouse] [main] o.s.w.s.handler.SimpleUrlHandlerMapping  : Patterns [/swagger-ui*/*swagger-initializer.js, /swagger-ui*/**] in 'resourceHandlerMapping'
2025-05-21T10:16:58.981+07:00 DEBUG 20892 --- [warehouse] [main] o.s.s.web.DefaultSecurityFilterChain     : Will secure any request with filters: DisableEncodeUrlFilter, WebAsyncManagerIntegrationFilter, SecurityContextHolderFilter, HeaderWriterFilter, FilterChainExceptionHandler, LogoutFilter, JwtFilter, RequestCacheAwareFilter, SecurityContextHolderAwareRequestFilter, AnonymousAuthenticationFilter, SessionManagementFilter, ExceptionTranslationFilter, AuthorizationFilter
2025-05-21T10:16:59.020+07:00 DEBUG 20892 --- [warehouse] [main] s.w.s.m.m.a.RequestMappingHandlerAdapter : ControllerAdvice beans: 0 @ModelAttribute, 0 @InitBinder, 1 RequestBodyAdvice, 1 ResponseBodyAdvice
2025-05-21T10:16:59.536+07:00  INFO 20892 --- [warehouse] [main] o.s.b.w.embedded.tomcat.TomcatWebServer  : Tomcat started on port 8080 (http) with context path '/'
2025-05-21T10:16:59.552+07:00  INFO 20892 --- [warehouse] [main] s.t.warehouse.WarehouseApplication       : Started WarehouseApplication in 7.764 seconds (process running for 8.594)
2025-05-21T10:16:59.864+07:00  INFO 20892 --- [warehouse] [main] s.t.w.s.impl.PermissionServiceImpl       : Total permissions synced: 20 
2025-05-21T10:16:59.995+07:00  INFO 20892 --- [warehouse] [http-nio-8080-exec-1] o.a.c.c.C.[Tomcat].[localhost].[/]       : Initializing Spring DispatcherServlet 'dispatcherServlet'
2025-05-21T10:16:59.996+07:00  INFO 20892 --- [warehouse] [http-nio-8080-exec-1] o.s.web.servlet.DispatcherServlet        : Initializing Servlet 'dispatcherServlet'
2025-05-21T10:16:59.997+07:00 DEBUG 20892 --- [warehouse] [http-nio-8080-exec-1] o.s.web.servlet.DispatcherServlet        : Detected StandardServletMultipartResolver
2025-05-21T10:16:59.997+07:00 DEBUG 20892 --- [warehouse] [http-nio-8080-exec-1] o.s.web.servlet.DispatcherServlet        : Detected AcceptHeaderLocaleResolver
2025-05-21T10:16:59.998+07:00 DEBUG 20892 --- [warehouse] [http-nio-8080-exec-1] o.s.web.servlet.DispatcherServlet        : Detected FixedThemeResolver
2025-05-21T10:17:00.000+07:00 DEBUG 20892 --- [warehouse] [http-nio-8080-exec-1] o.s.web.servlet.DispatcherServlet        : Detected org.springframework.web.servlet.view.DefaultRequestToViewNameTranslator@38ffba03
2025-05-21T10:17:00.001+07:00 DEBUG 20892 --- [warehouse] [http-nio-8080-exec-1] o.s.web.servlet.DispatcherServlet        : Detected org.springframework.web.servlet.support.SessionFlashMapManager@5fddd0fc
2025-05-21T10:17:00.002+07:00 DEBUG 20892 --- [warehouse] [http-nio-8080-exec-1] o.s.web.servlet.DispatcherServlet        : enableLoggingRequestDetails='false': request parameters and headers will be masked to prevent unsafe logging of potentially sensitive data
2025-05-21T10:17:00.002+07:00  INFO 20892 --- [warehouse] [http-nio-8080-exec-1] o.s.web.servlet.DispatcherServlet        : Completed initialization in 5 ms
2025-05-21T10:17:00.045+07:00 DEBUG 20892 --- [warehouse] [http-nio-8080-exec-1] o.s.security.web.FilterChainProxy        : Securing GET /swagger-ui/index.html
2025-05-21T10:17:00.072+07:00 DEBUG 20892 --- [warehouse] [http-nio-8080-exec-1] o.s.s.w.a.AnonymousAuthenticationFilter  : Set SecurityContextHolder to anonymous SecurityContext
2025-05-21T10:17:00.075+07:00 DEBUG 20892 --- [warehouse] [http-nio-8080-exec-1] o.s.security.web.FilterChainProxy        : Secured GET /swagger-ui/index.html
2025-05-21T10:17:00.084+07:00 DEBUG 20892 --- [warehouse] [http-nio-8080-exec-1] o.s.web.servlet.DispatcherServlet        : GET "/swagger-ui/index.html", parameters={}
2025-05-21T10:17:00.092+07:00 DEBUG 20892 --- [warehouse] [http-nio-8080-exec-1] o.s.w.s.handler.SimpleUrlHandlerMapping  : Mapped to ResourceHttpRequestHandler [classpath [META-INF/resources/webjars/]]
2025-05-21T10:17:00.162+07:00 DEBUG 20892 --- [warehouse] [http-nio-8080-exec-1] o.s.web.servlet.DispatcherServlet        : Completed 200 OK
2025-05-21T10:17:00.211+07:00 DEBUG 20892 --- [warehouse] [http-nio-8080-exec-2] o.s.security.web.FilterChainProxy        : Securing GET /swagger-ui/swagger-initializer.js
2025-05-21T10:17:00.213+07:00 DEBUG 20892 --- [warehouse] [http-nio-8080-exec-2] o.s.s.w.a.AnonymousAuthenticationFilter  : Set SecurityContextHolder to anonymous SecurityContext
2025-05-21T10:17:00.214+07:00 DEBUG 20892 --- [warehouse] [http-nio-8080-exec-2] o.s.security.web.FilterChainProxy        : Secured GET /swagger-ui/swagger-initializer.js
2025-05-21T10:17:00.215+07:00 DEBUG 20892 --- [warehouse] [http-nio-8080-exec-2] o.s.web.servlet.DispatcherServlet        : GET "/swagger-ui/swagger-initializer.js", parameters={}
2025-05-21T10:17:00.216+07:00 DEBUG 20892 --- [warehouse] [http-nio-8080-exec-2] o.s.w.s.handler.SimpleUrlHandlerMapping  : Mapped to ResourceHttpRequestHandler [classpath [META-INF/resources/webjars/]]
2025-05-21T10:17:00.253+07:00 DEBUG 20892 --- [warehouse] [http-nio-8080-exec-2] o.s.web.servlet.DispatcherServlet        : Completed 200 OK
2025-05-21T10:17:00.396+07:00 DEBUG 20892 --- [warehouse] [http-nio-8080-exec-3] o.s.security.web.FilterChainProxy        : Securing GET /v3/api-docs/swagger-config
2025-05-21T10:17:00.397+07:00 DEBUG 20892 --- [warehouse] [http-nio-8080-exec-3] o.s.s.w.a.AnonymousAuthenticationFilter  : Set SecurityContextHolder to anonymous SecurityContext
2025-05-21T10:17:00.398+07:00 DEBUG 20892 --- [warehouse] [http-nio-8080-exec-3] o.s.security.web.FilterChainProxy        : Secured GET /v3/api-docs/swagger-config
2025-05-21T10:17:00.398+07:00 DEBUG 20892 --- [warehouse] [http-nio-8080-exec-3] o.s.web.servlet.DispatcherServlet        : GET "/v3/api-docs/swagger-config", parameters={}
2025-05-21T10:17:00.399+07:00 DEBUG 20892 --- [warehouse] [http-nio-8080-exec-3] s.w.s.m.m.a.RequestMappingHandlerMapping : Mapped to org.springdoc.webmvc.ui.SwaggerConfigResource#openapiJson(HttpServletRequest)
2025-05-21T10:17:00.431+07:00 DEBUG 20892 --- [warehouse] [http-nio-8080-exec-3] m.m.a.RequestResponseBodyMethodProcessor : Using 'application/json', given [*/*] and supported [application/json]
2025-05-21T10:17:00.435+07:00 DEBUG 20892 --- [warehouse] [http-nio-8080-exec-3] m.m.a.RequestResponseBodyMethodProcessor : Writing [{configUrl=/v3/api-docs/swagger-config, oauth2RedirectUrl=http://localhost:8080/swagger-ui/oauth2-re (truncated)...]
2025-05-21T10:17:00.446+07:00 DEBUG 20892 --- [warehouse] [http-nio-8080-exec-3] o.s.web.servlet.DispatcherServlet        : Completed 200 OK
2025-05-21T10:17:00.463+07:00 DEBUG 20892 --- [warehouse] [http-nio-8080-exec-4] o.s.security.web.FilterChainProxy        : Securing GET /v3/api-docs
2025-05-21T10:17:00.464+07:00 DEBUG 20892 --- [warehouse] [http-nio-8080-exec-4] o.s.s.w.a.AnonymousAuthenticationFilter  : Set SecurityContextHolder to anonymous SecurityContext
2025-05-21T10:17:00.465+07:00 DEBUG 20892 --- [warehouse] [http-nio-8080-exec-4] o.s.security.web.FilterChainProxy        : Secured GET /v3/api-docs
2025-05-21T10:17:00.466+07:00 DEBUG 20892 --- [warehouse] [http-nio-8080-exec-4] o.s.web.servlet.DispatcherServlet        : GET "/v3/api-docs", parameters={}
2025-05-21T10:17:00.467+07:00 DEBUG 20892 --- [warehouse] [http-nio-8080-exec-4] s.w.s.m.m.a.RequestMappingHandlerMapping : Mapped to org.springdoc.webmvc.api.OpenApiWebMvcResource#openapiJson(HttpServletRequest, String, Locale)
2025-05-21T10:17:00.898+07:00  INFO 20892 --- [warehouse] [http-nio-8080-exec-4] o.springdoc.api.AbstractOpenApiResource  : Init duration for springdoc-openapi is: 408 ms
2025-05-21T10:17:00.946+07:00 DEBUG 20892 --- [warehouse] [http-nio-8080-exec-4] m.m.a.RequestResponseBodyMethodProcessor : Using 'application/json', given [application/json, */*] and supported [application/json]
2025-05-21T10:17:00.949+07:00 DEBUG 20892 --- [warehouse] [http-nio-8080-exec-4] m.m.a.RequestResponseBodyMethodProcessor : Writing [{123, 34, 111, 112, 101, 110, 97, 112, 105, 34, 58, 34, 51, 46, 48, 46, 49, 34, 44, 34, 105, 110, 10 (truncated)...]
2025-05-21T10:17:00.950+07:00 DEBUG 20892 --- [warehouse] [http-nio-8080-exec-4] o.s.web.servlet.DispatcherServlet        : Completed 200 OK
2025-05-21T10:17:02.150+07:00 DEBUG 20892 --- [warehouse] [http-nio-8080-exec-5] o.s.security.web.FilterChainProxy        : Securing GET /sw.js
2025-05-21T10:17:02.153+07:00 DEBUG 20892 --- [warehouse] [http-nio-8080-exec-5] .m.m.a.ExceptionHandlerExceptionResolver : Using @ExceptionHandler space.thinhtran.warehouse.exception.ApiExceptionHandler#handleMissingTokenException(MissingTokenException, WebRequest)
2025-05-21T10:17:02.154+07:00 ERROR 20892 --- [warehouse] [http-nio-8080-exec-5] s.t.w.exception.ApiExceptionHandler      : Error: URI: /sw.js, Message: Token missing, Method: GET
2025-05-21T10:17:02.159+07:00 DEBUG 20892 --- [warehouse] [http-nio-8080-exec-5] o.s.w.s.m.m.a.HttpEntityMethodProcessor  : Using 'application/json', given [*/*] and supported [application/json, application/*+json, application/yaml]
2025-05-21T10:17:02.160+07:00 DEBUG 20892 --- [warehouse] [http-nio-8080-exec-5] o.s.w.s.m.m.a.HttpEntityMethodProcessor  : Writing [ErrorResp(statusCode=401 UNAUTHORIZED, title=Unauthorized, detail=Token missing, fieldErrors=null)]
2025-05-21T10:17:02.163+07:00 DEBUG 20892 --- [warehouse] [http-nio-8080-exec-5] .m.m.a.ExceptionHandlerExceptionResolver : Resolved [space.thinhtran.warehouse.exception.MissingTokenException: Token missing]
2025-05-21T10:17:19.625+07:00 DEBUG 20892 --- [warehouse] [http-nio-8080-exec-6] o.s.security.web.FilterChainProxy        : Securing POST /api/crypto/rsa/sign
2025-05-21T10:17:19.626+07:00 DEBUG 20892 --- [warehouse] [http-nio-8080-exec-6] o.s.s.w.a.AnonymousAuthenticationFilter  : Set SecurityContextHolder to anonymous SecurityContext
2025-05-21T10:17:19.626+07:00 DEBUG 20892 --- [warehouse] [http-nio-8080-exec-6] o.s.security.web.FilterChainProxy        : Secured POST /api/crypto/rsa/sign
2025-05-21T10:17:19.627+07:00 DEBUG 20892 --- [warehouse] [http-nio-8080-exec-6] o.s.web.servlet.DispatcherServlet        : POST "/api/crypto/rsa/sign", parameters={}
2025-05-21T10:17:19.627+07:00 DEBUG 20892 --- [warehouse] [http-nio-8080-exec-6] s.w.s.m.m.a.RequestMappingHandlerMapping : Mapped to space.thinhtran.warehouse.controller.CryptoTestController#signData(Map)
2025-05-21T10:17:19.639+07:00 DEBUG 20892 --- [warehouse] [http-nio-8080-exec-6] m.m.a.RequestResponseBodyMethodProcessor : Read "application/json;charset=UTF-8" to [{text=string}]
2025-05-21T10:17:19.642+07:00 DEBUG 20892 --- [warehouse] [http-nio-8080-exec-6] .m.m.a.ExceptionHandlerExceptionResolver : Using @ExceptionHandler space.thinhtran.warehouse.exception.ApiExceptionHandler#handleGeneralException(Exception, WebRequest)
2025-05-21T10:17:19.644+07:00 ERROR 20892 --- [warehouse] [http-nio-8080-exec-6] s.t.w.exception.ApiExceptionHandler      : Error: URI: /api/crypto/rsa/sign, Message: An unexpected error occurred. Please try again later., Method: POST
2025-05-21T10:17:19.645+07:00 DEBUG 20892 --- [warehouse] [http-nio-8080-exec-6] o.s.w.s.m.m.a.HttpEntityMethodProcessor  : Using 'application/json', given [*/*] and supported [application/json, application/*+json, application/yaml]
2025-05-21T10:17:19.645+07:00 DEBUG 20892 --- [warehouse] [http-nio-8080-exec-6] o.s.w.s.m.m.a.HttpEntityMethodProcessor  : Writing [ErrorResp(statusCode=500 INTERNAL_SERVER_ERROR, title=Internal Server Error, detail=An unexpected er (truncated)...]
2025-05-21T10:17:19.646+07:00 DEBUG 20892 --- [warehouse] [http-nio-8080-exec-6] .m.m.a.ExceptionHandlerExceptionResolver : Resolved [java.lang.NullPointerException: Cannot invoke "String.getBytes()" because "data" is null]
2025-05-21T10:17:19.646+07:00 DEBUG 20892 --- [warehouse] [http-nio-8080-exec-6] o.s.web.servlet.DispatcherServlet        : Completed 500 INTERNAL_SERVER_ERROR
2025-05-21T10:17:33.209+07:00 DEBUG 20892 --- [warehouse] [http-nio-8080-exec-7] o.s.security.web.FilterChainProxy        : Securing POST /api/crypto/rsa/sign
2025-05-21T10:17:33.210+07:00 DEBUG 20892 --- [warehouse] [http-nio-8080-exec-7] o.s.s.w.a.AnonymousAuthenticationFilter  : Set SecurityContextHolder to anonymous SecurityContext
2025-05-21T10:17:33.210+07:00 DEBUG 20892 --- [warehouse] [http-nio-8080-exec-7] o.s.security.web.FilterChainProxy        : Secured POST /api/crypto/rsa/sign
2025-05-21T10:17:33.210+07:00 DEBUG 20892 --- [warehouse] [http-nio-8080-exec-7] o.s.web.servlet.DispatcherServlet        : POST "/api/crypto/rsa/sign", parameters={}
2025-05-21T10:17:33.210+07:00 DEBUG 20892 --- [warehouse] [http-nio-8080-exec-7] s.w.s.m.m.a.RequestMappingHandlerMapping : Mapped to space.thinhtran.warehouse.controller.CryptoTestController#signData(Map)
2025-05-21T10:17:33.212+07:00 DEBUG 20892 --- [warehouse] [http-nio-8080-exec-7] m.m.a.RequestResponseBodyMethodProcessor : Read "application/json;charset=UTF-8" to [{data=string}]
2025-05-21T10:17:33.237+07:00 DEBUG 20892 --- [warehouse] [http-nio-8080-exec-7] m.m.a.RequestResponseBodyMethodProcessor : Using 'application/json', given [*/*] and supported [application/json, application/*+json, application/yaml]
2025-05-21T10:17:33.238+07:00 DEBUG 20892 --- [warehouse] [http-nio-8080-exec-7] m.m.a.RequestResponseBodyMethodProcessor : Writing [{signature=giy1oZxa5cjTn+VJp76fG59WM71t/W+X4MEi8TQS5ow6Flkrm3poJhem3HTvolcIX6KE7Jt2DoGSOx1/HZyb4knAn (truncated)...]
2025-05-21T10:17:33.239+07:00 DEBUG 20892 --- [warehouse] [http-nio-8080-exec-7] o.s.web.servlet.DispatcherServlet        : Completed 200 OK
2025-05-21T10:18:04.231+07:00 DEBUG 20892 --- [warehouse] [http-nio-8080-exec-8] o.s.security.web.FilterChainProxy        : Securing GET /sw.js
2025-05-21T10:18:04.232+07:00 DEBUG 20892 --- [warehouse] [http-nio-8080-exec-8] .m.m.a.ExceptionHandlerExceptionResolver : Using @ExceptionHandler space.thinhtran.warehouse.exception.ApiExceptionHandler#handleMissingTokenException(MissingTokenException, WebRequest)
2025-05-21T10:18:04.232+07:00 ERROR 20892 --- [warehouse] [http-nio-8080-exec-8] s.t.w.exception.ApiExceptionHandler      : Error: URI: /sw.js, Message: Token missing, Method: GET
2025-05-21T10:18:04.232+07:00 DEBUG 20892 --- [warehouse] [http-nio-8080-exec-8] o.s.w.s.m.m.a.HttpEntityMethodProcessor  : Using 'application/json', given [*/*] and supported [application/json, application/*+json, application/yaml]
2025-05-21T10:18:04.232+07:00 DEBUG 20892 --- [warehouse] [http-nio-8080-exec-8] o.s.w.s.m.m.a.HttpEntityMethodProcessor  : Writing [ErrorResp(statusCode=401 UNAUTHORIZED, title=Unauthorized, detail=Token missing, fieldErrors=null)]
2025-05-21T10:18:04.233+07:00 DEBUG 20892 --- [warehouse] [http-nio-8080-exec-8] .m.m.a.ExceptionHandlerExceptionResolver : Resolved [space.thinhtran.warehouse.exception.MissingTokenException: Token missing]
2025-05-21T10:18:21.360+07:00  INFO 20892 --- [warehouse] [SpringApplicationShutdownHook] o.s.b.w.e.tomcat.GracefulShutdown        : Commencing graceful shutdown. Waiting for active requests to complete
2025-05-21T10:18:21.526+07:00  INFO 20892 --- [warehouse] [tomcat-shutdown] o.s.b.w.e.tomcat.GracefulShutdown        : Graceful shutdown complete
2025-05-21T10:18:21.531+07:00  INFO 20892 --- [warehouse] [SpringApplicationShutdownHook] j.LocalContainerEntityManagerFactoryBean : Closing JPA EntityManagerFactory for persistence unit 'default'
2025-05-21T10:18:21.532+07:00  INFO 20892 --- [warehouse] [SpringApplicationShutdownHook] com.zaxxer.hikari.HikariDataSource       : InventoryDB - Shutdown initiated...
2025-05-21T10:18:21.544+07:00  INFO 20892 --- [warehouse] [SpringApplicationShutdownHook] com.zaxxer.hikari.HikariDataSource       : InventoryDB - Shutdown completed.
2025-05-21T10:18:26.204+07:00  INFO 27792 --- [warehouse] [main] s.t.warehouse.WarehouseApplication       : Starting WarehouseApplication using Java 17.0.5 with PID 27792 (D:\Desktop\warehouse\target\classes started by ThinhTran in D:\Desktop\warehouse)
2025-05-21T10:18:26.206+07:00 DEBUG 27792 --- [warehouse] [main] s.t.warehouse.WarehouseApplication       : Running with Spring Boot v3.4.5, Spring v6.2.6
2025-05-21T10:18:26.207+07:00  INFO 27792 --- [warehouse] [main] s.t.warehouse.WarehouseApplication       : No active profile set, falling back to 1 default profile: "default"
2025-05-21T10:18:26.967+07:00  INFO 27792 --- [warehouse] [main] .s.d.r.c.RepositoryConfigurationDelegate : Bootstrapping Spring Data JPA repositories in DEFAULT mode.
2025-05-21T10:18:27.028+07:00  INFO 27792 --- [warehouse] [main] .s.d.r.c.RepositoryConfigurationDelegate : Finished Spring Data repository scanning in 55 ms. Found 7 JPA repository interfaces.
2025-05-21T10:18:27.572+07:00  INFO 27792 --- [warehouse] [main] o.s.b.w.embedded.tomcat.TomcatWebServer  : Tomcat initialized with port 8080 (http)
2025-05-21T10:18:27.581+07:00  INFO 27792 --- [warehouse] [main] o.apache.catalina.core.StandardService   : Starting service [Tomcat]
2025-05-21T10:18:27.581+07:00  INFO 27792 --- [warehouse] [main] o.apache.catalina.core.StandardEngine    : Starting Servlet engine: [Apache Tomcat/10.1.40]
2025-05-21T10:18:27.630+07:00  INFO 27792 --- [warehouse] [main] o.a.c.c.C.[Tomcat].[localhost].[/]       : Initializing Spring embedded WebApplicationContext
2025-05-21T10:18:27.630+07:00  INFO 27792 --- [warehouse] [main] w.s.c.ServletWebServerApplicationContext : Root WebApplicationContext: initialization completed in 1371 ms
2025-05-21T10:18:27.751+07:00 DEBUG 27792 --- [warehouse] [main] .m.m.a.ExceptionHandlerExceptionResolver : ControllerAdvice beans: 2 @ExceptionHandler, 1 ResponseBodyAdvice
2025-05-21T10:18:27.935+07:00  INFO 27792 --- [warehouse] [main] com.zaxxer.hikari.HikariDataSource       : InventoryDB - Starting...
2025-05-21T10:18:28.169+07:00  INFO 27792 --- [warehouse] [main] com.zaxxer.hikari.pool.HikariPool        : InventoryDB - Added connection com.mysql.cj.jdbc.ConnectionImpl@314f59b
2025-05-21T10:18:28.171+07:00  INFO 27792 --- [warehouse] [main] com.zaxxer.hikari.HikariDataSource       : InventoryDB - Start completed.
2025-05-21T10:18:28.210+07:00  INFO 27792 --- [warehouse] [main] org.flywaydb.core.FlywayExecutor         : Database: jdbc:mysql://localhost:3306/InventoryDB?serverTimezone=Asia/Ho_Chi_Minh (MySQL 8.2)
2025-05-21T10:18:28.228+07:00  WARN 27792 --- [warehouse] [main] o.f.c.internal.database.base.Database    : Flyway upgrade recommended: MySQL 8.2 is newer than this version of Flyway and support has not been tested. The latest supported version of MySQL is 8.1.
2025-05-21T10:18:28.274+07:00  INFO 27792 --- [warehouse] [main] o.f.core.internal.command.DbValidate     : Successfully validated 8 migrations (execution time 00:00.033s)
2025-05-21T10:18:28.303+07:00  INFO 27792 --- [warehouse] [main] o.f.core.internal.command.DbMigrate      : Current version of schema `InventoryDB`: 7
2025-05-21T10:18:28.307+07:00  INFO 27792 --- [warehouse] [main] o.f.core.internal.command.DbMigrate      : Schema `InventoryDB` is up to date. No migration necessary.
2025-05-21T10:18:28.729+07:00  INFO 27792 --- [warehouse] [main] o.s.o.j.p.SpringPersistenceUnitInfo      : No LoadTimeWeaver setup: ignoring JPA class transformer
2025-05-21T10:18:29.645+07:00  INFO 27792 --- [warehouse] [main] j.LocalContainerEntityManagerFactoryBean : Initialized JPA EntityManagerFactory for persistence unit 'default'
2025-05-21T10:18:29.959+07:00 DEBUG 27792 --- [warehouse] [main] s.w.s.m.m.a.RequestMappingHandlerMapping : 22 mappings in 'requestMappingHandlerMapping'
2025-05-21T10:18:29.994+07:00  INFO 27792 --- [warehouse] [main] o.s.d.j.r.query.QueryEnhancerFactory     : Hibernate is in classpath; If applicable, HQL parser will be used.
2025-05-21T10:18:30.377+07:00 DEBUG 27792 --- [warehouse] [main] s.thinhtran.warehouse.filter.CorsFilter  : Filter 'corsFilter' configured for use
2025-05-21T10:18:30.377+07:00 DEBUG 27792 --- [warehouse] [main] s.t.w.f.FilterChainExceptionHandler      : Filter 'filterChainExceptionHandler' configured for use
2025-05-21T10:18:30.377+07:00 DEBUG 27792 --- [warehouse] [main] s.thinhtran.warehouse.filter.JwtFilter   : Filter 'jwtFilter' configured for use
2025-05-21T10:18:30.418+07:00  INFO 27792 --- [warehouse] [main] eAuthenticationProviderManagerConfigurer : Global AuthenticationManager configured with AuthenticationProvider bean with name authenticationProvider
2025-05-21T10:18:30.418+07:00  WARN 27792 --- [warehouse] [main] r$InitializeUserDetailsManagerConfigurer : Global AuthenticationManager configured with an AuthenticationProvider bean. UserDetailsService beans will not be used by Spring Security for automatically configuring username/password login. Consider removing the AuthenticationProvider bean. Alternatively, consider using the UserDetailsService in a manually instantiated DaoAuthenticationProvider. If the current configuration is intentional, to turn off this warning, increase the logging level of 'org.springframework.security.config.annotation.authentication.configuration.InitializeUserDetailsBeanManagerConfigurer' to ERROR
2025-05-21T10:18:31.153+07:00 DEBUG 27792 --- [warehouse] [main] o.s.w.s.handler.SimpleUrlHandlerMapping  : Patterns [/swagger-ui*/*swagger-initializer.js, /swagger-ui*/**] in 'resourceHandlerMapping'
2025-05-21T10:18:31.207+07:00 DEBUG 27792 --- [warehouse] [main] o.s.s.web.DefaultSecurityFilterChain     : Will secure any request with filters: DisableEncodeUrlFilter, WebAsyncManagerIntegrationFilter, SecurityContextHolderFilter, HeaderWriterFilter, FilterChainExceptionHandler, LogoutFilter, JwtFilter, RequestCacheAwareFilter, SecurityContextHolderAwareRequestFilter, AnonymousAuthenticationFilter, SessionManagementFilter, ExceptionTranslationFilter, AuthorizationFilter
2025-05-21T10:18:31.243+07:00 DEBUG 27792 --- [warehouse] [main] s.w.s.m.m.a.RequestMappingHandlerAdapter : ControllerAdvice beans: 0 @ModelAttribute, 0 @InitBinder, 1 RequestBodyAdvice, 1 ResponseBodyAdvice
2025-05-21T10:18:31.518+07:00  INFO 27792 --- [warehouse] [main] o.s.b.w.embedded.tomcat.TomcatWebServer  : Tomcat started on port 8080 (http) with context path '/'
2025-05-21T10:18:31.526+07:00  INFO 27792 --- [warehouse] [main] s.t.warehouse.WarehouseApplication       : Started WarehouseApplication in 5.914 seconds (process running for 6.672)
2025-05-21T10:18:31.736+07:00  INFO 27792 --- [warehouse] [main] s.t.w.s.impl.PermissionServiceImpl       : Total permissions synced: 20 
2025-05-21T10:18:34.139+07:00  INFO 27792 --- [warehouse] [http-nio-8080-exec-1] o.a.c.c.C.[Tomcat].[localhost].[/]       : Initializing Spring DispatcherServlet 'dispatcherServlet'
2025-05-21T10:18:34.139+07:00  INFO 27792 --- [warehouse] [http-nio-8080-exec-1] o.s.web.servlet.DispatcherServlet        : Initializing Servlet 'dispatcherServlet'
2025-05-21T10:18:34.139+07:00 DEBUG 27792 --- [warehouse] [http-nio-8080-exec-1] o.s.web.servlet.DispatcherServlet        : Detected StandardServletMultipartResolver
2025-05-21T10:18:34.139+07:00 DEBUG 27792 --- [warehouse] [http-nio-8080-exec-1] o.s.web.servlet.DispatcherServlet        : Detected AcceptHeaderLocaleResolver
2025-05-21T10:18:34.139+07:00 DEBUG 27792 --- [warehouse] [http-nio-8080-exec-1] o.s.web.servlet.DispatcherServlet        : Detected FixedThemeResolver
2025-05-21T10:18:34.141+07:00 DEBUG 27792 --- [warehouse] [http-nio-8080-exec-1] o.s.web.servlet.DispatcherServlet        : Detected org.springframework.web.servlet.view.DefaultRequestToViewNameTranslator@2dedf1c9
2025-05-21T10:18:34.141+07:00 DEBUG 27792 --- [warehouse] [http-nio-8080-exec-1] o.s.web.servlet.DispatcherServlet        : Detected org.springframework.web.servlet.support.SessionFlashMapManager@476bdad6
2025-05-21T10:18:34.141+07:00 DEBUG 27792 --- [warehouse] [http-nio-8080-exec-1] o.s.web.servlet.DispatcherServlet        : enableLoggingRequestDetails='false': request parameters and headers will be masked to prevent unsafe logging of potentially sensitive data
2025-05-21T10:18:34.141+07:00  INFO 27792 --- [warehouse] [http-nio-8080-exec-1] o.s.web.servlet.DispatcherServlet        : Completed initialization in 2 ms
2025-05-21T10:18:34.154+07:00 DEBUG 27792 --- [warehouse] [http-nio-8080-exec-1] o.s.security.web.FilterChainProxy        : Securing GET /swagger-ui/index.html
2025-05-21T10:18:34.160+07:00 DEBUG 27792 --- [warehouse] [http-nio-8080-exec-1] o.s.s.w.a.AnonymousAuthenticationFilter  : Set SecurityContextHolder to anonymous SecurityContext
2025-05-21T10:18:34.162+07:00 DEBUG 27792 --- [warehouse] [http-nio-8080-exec-1] o.s.security.web.FilterChainProxy        : Secured GET /swagger-ui/index.html
2025-05-21T10:18:34.165+07:00 DEBUG 27792 --- [warehouse] [http-nio-8080-exec-1] o.s.web.servlet.DispatcherServlet        : GET "/swagger-ui/index.html", parameters={}
2025-05-21T10:18:34.167+07:00 DEBUG 27792 --- [warehouse] [http-nio-8080-exec-1] o.s.w.s.handler.SimpleUrlHandlerMapping  : Mapped to ResourceHttpRequestHandler [classpath [META-INF/resources/webjars/]]
2025-05-21T10:18:34.189+07:00 DEBUG 27792 --- [warehouse] [http-nio-8080-exec-1] o.s.web.servlet.DispatcherServlet        : Completed 200 OK
2025-05-21T10:18:34.217+07:00 DEBUG 27792 --- [warehouse] [http-nio-8080-exec-2] o.s.security.web.FilterChainProxy        : Securing GET /swagger-ui/swagger-initializer.js
2025-05-21T10:18:34.218+07:00 DEBUG 27792 --- [warehouse] [http-nio-8080-exec-2] o.s.s.w.a.AnonymousAuthenticationFilter  : Set SecurityContextHolder to anonymous SecurityContext
2025-05-21T10:18:34.219+07:00 DEBUG 27792 --- [warehouse] [http-nio-8080-exec-2] o.s.security.web.FilterChainProxy        : Secured GET /swagger-ui/swagger-initializer.js
2025-05-21T10:18:34.220+07:00 DEBUG 27792 --- [warehouse] [http-nio-8080-exec-2] o.s.web.servlet.DispatcherServlet        : GET "/swagger-ui/swagger-initializer.js", parameters={}
2025-05-21T10:18:34.221+07:00 DEBUG 27792 --- [warehouse] [http-nio-8080-exec-2] o.s.w.s.handler.SimpleUrlHandlerMapping  : Mapped to ResourceHttpRequestHandler [classpath [META-INF/resources/webjars/]]
2025-05-21T10:18:34.237+07:00 DEBUG 27792 --- [warehouse] [http-nio-8080-exec-2] o.s.web.servlet.DispatcherServlet        : Completed 200 OK
2025-05-21T10:18:34.392+07:00 DEBUG 27792 --- [warehouse] [http-nio-8080-exec-3] o.s.security.web.FilterChainProxy        : Securing GET /v3/api-docs/swagger-config
2025-05-21T10:18:34.394+07:00 DEBUG 27792 --- [warehouse] [http-nio-8080-exec-3] o.s.s.w.a.AnonymousAuthenticationFilter  : Set SecurityContextHolder to anonymous SecurityContext
2025-05-21T10:18:34.394+07:00 DEBUG 27792 --- [warehouse] [http-nio-8080-exec-3] o.s.security.web.FilterChainProxy        : Secured GET /v3/api-docs/swagger-config
2025-05-21T10:18:34.395+07:00 DEBUG 27792 --- [warehouse] [http-nio-8080-exec-3] o.s.web.servlet.DispatcherServlet        : GET "/v3/api-docs/swagger-config", parameters={}
2025-05-21T10:18:34.396+07:00 DEBUG 27792 --- [warehouse] [http-nio-8080-exec-3] s.w.s.m.m.a.RequestMappingHandlerMapping : Mapped to org.springdoc.webmvc.ui.SwaggerConfigResource#openapiJson(HttpServletRequest)
2025-05-21T10:18:34.424+07:00 DEBUG 27792 --- [warehouse] [http-nio-8080-exec-3] m.m.a.RequestResponseBodyMethodProcessor : Using 'application/json', given [*/*] and supported [application/json]
2025-05-21T10:18:34.430+07:00 DEBUG 27792 --- [warehouse] [http-nio-8080-exec-3] m.m.a.RequestResponseBodyMethodProcessor : Writing [{configUrl=/v3/api-docs/swagger-config, oauth2RedirectUrl=http://localhost:8080/swagger-ui/oauth2-re (truncated)...]
2025-05-21T10:18:34.439+07:00 DEBUG 27792 --- [warehouse] [http-nio-8080-exec-3] o.s.web.servlet.DispatcherServlet        : Completed 200 OK
2025-05-21T10:18:34.472+07:00 DEBUG 27792 --- [warehouse] [http-nio-8080-exec-5] o.s.security.web.FilterChainProxy        : Securing GET /v3/api-docs
2025-05-21T10:18:34.473+07:00 DEBUG 27792 --- [warehouse] [http-nio-8080-exec-5] o.s.s.w.a.AnonymousAuthenticationFilter  : Set SecurityContextHolder to anonymous SecurityContext
2025-05-21T10:18:34.474+07:00 DEBUG 27792 --- [warehouse] [http-nio-8080-exec-5] o.s.security.web.FilterChainProxy        : Secured GET /v3/api-docs
2025-05-21T10:18:34.474+07:00 DEBUG 27792 --- [warehouse] [http-nio-8080-exec-5] o.s.web.servlet.DispatcherServlet        : GET "/v3/api-docs", parameters={}
2025-05-21T10:18:34.475+07:00 DEBUG 27792 --- [warehouse] [http-nio-8080-exec-5] s.w.s.m.m.a.RequestMappingHandlerMapping : Mapped to org.springdoc.webmvc.api.OpenApiWebMvcResource#openapiJson(HttpServletRequest, String, Locale)
2025-05-21T10:18:34.808+07:00  INFO 27792 --- [warehouse] [http-nio-8080-exec-5] o.springdoc.api.AbstractOpenApiResource  : Init duration for springdoc-openapi is: 321 ms
2025-05-21T10:18:34.844+07:00 DEBUG 27792 --- [warehouse] [http-nio-8080-exec-5] m.m.a.RequestResponseBodyMethodProcessor : Using 'application/json', given [application/json, */*] and supported [application/json]
2025-05-21T10:18:34.847+07:00 DEBUG 27792 --- [warehouse] [http-nio-8080-exec-5] m.m.a.RequestResponseBodyMethodProcessor : Writing [{123, 34, 111, 112, 101, 110, 97, 112, 105, 34, 58, 34, 51, 46, 48, 46, 49, 34, 44, 34, 105, 110, 10 (truncated)...]
2025-05-21T10:18:34.848+07:00 DEBUG 27792 --- [warehouse] [http-nio-8080-exec-5] o.s.web.servlet.DispatcherServlet        : Completed 200 OK
2025-05-21T10:18:36.213+07:00 DEBUG 27792 --- [warehouse] [http-nio-8080-exec-4] o.s.security.web.FilterChainProxy        : Securing GET /sw.js
2025-05-21T10:18:36.215+07:00 DEBUG 27792 --- [warehouse] [http-nio-8080-exec-4] .m.m.a.ExceptionHandlerExceptionResolver : Using @ExceptionHandler space.thinhtran.warehouse.exception.ApiExceptionHandler#handleMissingTokenException(MissingTokenException, WebRequest)
2025-05-21T10:18:36.216+07:00 ERROR 27792 --- [warehouse] [http-nio-8080-exec-4] s.t.w.exception.ApiExceptionHandler      : Error: URI: /sw.js, Message: Token missing, Method: GET
2025-05-21T10:18:36.220+07:00 DEBUG 27792 --- [warehouse] [http-nio-8080-exec-4] o.s.w.s.m.m.a.HttpEntityMethodProcessor  : Using 'application/json', given [*/*] and supported [application/json, application/*+json, application/yaml]
2025-05-21T10:18:36.220+07:00 DEBUG 27792 --- [warehouse] [http-nio-8080-exec-4] o.s.w.s.m.m.a.HttpEntityMethodProcessor  : Writing [ErrorResp(statusCode=401 UNAUTHORIZED, title=Unauthorized, detail=Token missing, fieldErrors=null)]
2025-05-21T10:18:36.222+07:00 DEBUG 27792 --- [warehouse] [http-nio-8080-exec-4] .m.m.a.ExceptionHandlerExceptionResolver : Resolved [space.thinhtran.warehouse.exception.MissingTokenException: Token missing]
2025-05-21T10:19:05.467+07:00 DEBUG 27792 --- [warehouse] [http-nio-8080-exec-6] o.s.security.web.FilterChainProxy        : Securing GET /sw.js
2025-05-21T10:19:05.468+07:00 DEBUG 27792 --- [warehouse] [http-nio-8080-exec-6] .m.m.a.ExceptionHandlerExceptionResolver : Using @ExceptionHandler space.thinhtran.warehouse.exception.ApiExceptionHandler#handleMissingTokenException(MissingTokenException, WebRequest)
2025-05-21T10:19:05.468+07:00 ERROR 27792 --- [warehouse] [http-nio-8080-exec-6] s.t.w.exception.ApiExceptionHandler      : Error: URI: /sw.js, Message: Token missing, Method: GET
2025-05-21T10:19:05.468+07:00 DEBUG 27792 --- [warehouse] [http-nio-8080-exec-6] o.s.w.s.m.m.a.HttpEntityMethodProcessor  : Using 'application/json', given [*/*] and supported [application/json, application/*+json, application/yaml]
2025-05-21T10:19:05.468+07:00 DEBUG 27792 --- [warehouse] [http-nio-8080-exec-6] o.s.w.s.m.m.a.HttpEntityMethodProcessor  : Writing [ErrorResp(statusCode=401 UNAUTHORIZED, title=Unauthorized, detail=Token missing, fieldErrors=null)]
2025-05-21T10:19:05.469+07:00 DEBUG 27792 --- [warehouse] [http-nio-8080-exec-6] .m.m.a.ExceptionHandlerExceptionResolver : Resolved [space.thinhtran.warehouse.exception.MissingTokenException: Token missing]
2025-05-21T10:21:25.554+07:00  INFO 27792 --- [warehouse] [SpringApplicationShutdownHook] o.s.b.w.e.tomcat.GracefulShutdown        : Commencing graceful shutdown. Waiting for active requests to complete
2025-05-21T10:21:25.702+07:00  INFO 27792 --- [warehouse] [tomcat-shutdown] o.s.b.w.e.tomcat.GracefulShutdown        : Graceful shutdown complete
2025-05-21T10:21:25.706+07:00  INFO 27792 --- [warehouse] [SpringApplicationShutdownHook] j.LocalContainerEntityManagerFactoryBean : Closing JPA EntityManagerFactory for persistence unit 'default'
2025-05-21T10:21:25.707+07:00  INFO 27792 --- [warehouse] [SpringApplicationShutdownHook] com.zaxxer.hikari.HikariDataSource       : InventoryDB - Shutdown initiated...
2025-05-21T10:21:25.718+07:00  INFO 27792 --- [warehouse] [SpringApplicationShutdownHook] com.zaxxer.hikari.HikariDataSource       : InventoryDB - Shutdown completed.
2025-05-21T10:21:29.098+07:00  INFO 22336 --- [warehouse] [main] s.t.warehouse.WarehouseApplication       : Starting WarehouseApplication using Java 17.0.5 with PID 22336 (D:\Desktop\warehouse\target\classes started by ThinhTran in D:\Desktop\warehouse)
2025-05-21T10:21:29.100+07:00 DEBUG 22336 --- [warehouse] [main] s.t.warehouse.WarehouseApplication       : Running with Spring Boot v3.4.5, Spring v6.2.6
2025-05-21T10:21:29.101+07:00  INFO 22336 --- [warehouse] [main] s.t.warehouse.WarehouseApplication       : No active profile set, falling back to 1 default profile: "default"
2025-05-21T10:21:29.706+07:00  INFO 22336 --- [warehouse] [main] .s.d.r.c.RepositoryConfigurationDelegate : Bootstrapping Spring Data JPA repositories in DEFAULT mode.
2025-05-21T10:21:29.762+07:00  INFO 22336 --- [warehouse] [main] .s.d.r.c.RepositoryConfigurationDelegate : Finished Spring Data repository scanning in 50 ms. Found 7 JPA repository interfaces.
2025-05-21T10:21:30.243+07:00  INFO 22336 --- [warehouse] [main] o.s.b.w.embedded.tomcat.TomcatWebServer  : Tomcat initialized with port 8080 (http)
2025-05-21T10:21:30.252+07:00  INFO 22336 --- [warehouse] [main] o.apache.catalina.core.StandardService   : Starting service [Tomcat]
2025-05-21T10:21:30.252+07:00  INFO 22336 --- [warehouse] [main] o.apache.catalina.core.StandardEngine    : Starting Servlet engine: [Apache Tomcat/10.1.40]
2025-05-21T10:21:30.295+07:00  INFO 22336 --- [warehouse] [main] o.a.c.c.C.[Tomcat].[localhost].[/]       : Initializing Spring embedded WebApplicationContext
2025-05-21T10:21:30.295+07:00  INFO 22336 --- [warehouse] [main] w.s.c.ServletWebServerApplicationContext : Root WebApplicationContext: initialization completed in 1160 ms
2025-05-21T10:21:30.413+07:00 DEBUG 22336 --- [warehouse] [main] .m.m.a.ExceptionHandlerExceptionResolver : ControllerAdvice beans: 2 @ExceptionHandler, 1 ResponseBodyAdvice
2025-05-21T10:21:30.573+07:00  INFO 22336 --- [warehouse] [main] com.zaxxer.hikari.HikariDataSource       : InventoryDB - Starting...
2025-05-21T10:21:30.775+07:00  INFO 22336 --- [warehouse] [main] com.zaxxer.hikari.pool.HikariPool        : InventoryDB - Added connection com.mysql.cj.jdbc.ConnectionImpl@134d7ffa
2025-05-21T10:21:30.777+07:00  INFO 22336 --- [warehouse] [main] com.zaxxer.hikari.HikariDataSource       : InventoryDB - Start completed.
2025-05-21T10:21:30.819+07:00  INFO 22336 --- [warehouse] [main] org.flywaydb.core.FlywayExecutor         : Database: jdbc:mysql://localhost:3306/InventoryDB?serverTimezone=Asia/Ho_Chi_Minh (MySQL 8.2)
2025-05-21T10:21:30.839+07:00  WARN 22336 --- [warehouse] [main] o.f.c.internal.database.base.Database    : Flyway upgrade recommended: MySQL 8.2 is newer than this version of Flyway and support has not been tested. The latest supported version of MySQL is 8.1.
2025-05-21T10:21:30.880+07:00  INFO 22336 --- [warehouse] [main] o.f.core.internal.command.DbValidate     : Successfully validated 8 migrations (execution time 00:00.030s)
2025-05-21T10:21:30.901+07:00  INFO 22336 --- [warehouse] [main] o.f.core.internal.command.DbMigrate      : Current version of schema `InventoryDB`: 7
2025-05-21T10:21:30.904+07:00  INFO 22336 --- [warehouse] [main] o.f.core.internal.command.DbMigrate      : Schema `InventoryDB` is up to date. No migration necessary.
2025-05-21T10:21:31.235+07:00  INFO 22336 --- [warehouse] [main] o.s.o.j.p.SpringPersistenceUnitInfo      : No LoadTimeWeaver setup: ignoring JPA class transformer
2025-05-21T10:21:32.069+07:00  INFO 22336 --- [warehouse] [main] j.LocalContainerEntityManagerFactoryBean : Initialized JPA EntityManagerFactory for persistence unit 'default'
2025-05-21T10:21:32.339+07:00 DEBUG 22336 --- [warehouse] [main] s.w.s.m.m.a.RequestMappingHandlerMapping : 22 mappings in 'requestMappingHandlerMapping'
2025-05-21T10:21:32.366+07:00  INFO 22336 --- [warehouse] [main] o.s.d.j.r.query.QueryEnhancerFactory     : Hibernate is in classpath; If applicable, HQL parser will be used.
2025-05-21T10:21:32.684+07:00 DEBUG 22336 --- [warehouse] [main] s.thinhtran.warehouse.filter.CorsFilter  : Filter 'corsFilter' configured for use
2025-05-21T10:21:32.685+07:00 DEBUG 22336 --- [warehouse] [main] s.t.w.f.FilterChainExceptionHandler      : Filter 'filterChainExceptionHandler' configured for use
2025-05-21T10:21:32.685+07:00 DEBUG 22336 --- [warehouse] [main] s.thinhtran.warehouse.filter.JwtFilter   : Filter 'jwtFilter' configured for use
2025-05-21T10:21:32.728+07:00  INFO 22336 --- [warehouse] [main] eAuthenticationProviderManagerConfigurer : Global AuthenticationManager configured with AuthenticationProvider bean with name authenticationProvider
2025-05-21T10:21:32.729+07:00  WARN 22336 --- [warehouse] [main] r$InitializeUserDetailsManagerConfigurer : Global AuthenticationManager configured with an AuthenticationProvider bean. UserDetailsService beans will not be used by Spring Security for automatically configuring username/password login. Consider removing the AuthenticationProvider bean. Alternatively, consider using the UserDetailsService in a manually instantiated DaoAuthenticationProvider. If the current configuration is intentional, to turn off this warning, increase the logging level of 'org.springframework.security.config.annotation.authentication.configuration.InitializeUserDetailsBeanManagerConfigurer' to ERROR
2025-05-21T10:21:32.755+07:00  WARN 22336 --- [warehouse] [main] ConfigServletWebServerApplicationContext : Exception encountered during context initialization - cancelling refresh attempt: org.springframework.beans.factory.BeanCreationException: Error creating bean with name 'cryptoTestController': Invocation of init method failed
2025-05-21T10:21:32.756+07:00  INFO 22336 --- [warehouse] [main] j.LocalContainerEntityManagerFactoryBean : Closing JPA EntityManagerFactory for persistence unit 'default'
2025-05-21T10:21:32.758+07:00  INFO 22336 --- [warehouse] [main] com.zaxxer.hikari.HikariDataSource       : InventoryDB - Shutdown initiated...
2025-05-21T10:21:32.767+07:00  INFO 22336 --- [warehouse] [main] com.zaxxer.hikari.HikariDataSource       : InventoryDB - Shutdown completed.
2025-05-21T10:21:32.768+07:00  INFO 22336 --- [warehouse] [main] o.apache.catalina.core.StandardService   : Stopping service [Tomcat]
2025-05-21T10:21:32.777+07:00  INFO 22336 --- [warehouse] [main] .s.b.a.l.ConditionEvaluationReportLogger : 

Error starting ApplicationContext. To display the condition evaluation report re-run your application with 'debug' enabled.
2025-05-21T10:21:32.790+07:00 ERROR 22336 --- [warehouse] [main] o.s.boot.SpringApplication               : Application run failed

org.springframework.beans.factory.BeanCreationException: Error creating bean with name 'cryptoTestController': Invocation of init method failed
	at org.springframework.beans.factory.annotation.InitDestroyAnnotationBeanPostProcessor.postProcessBeforeInitialization(InitDestroyAnnotationBeanPostProcessor.java:222) ~[spring-beans-6.2.6.jar:6.2.6]
	at org.springframework.beans.factory.support.AbstractAutowireCapableBeanFactory.applyBeanPostProcessorsBeforeInitialization(AbstractAutowireCapableBeanFactory.java:429) ~[spring-beans-6.2.6.jar:6.2.6]
	at org.springframework.beans.factory.support.AbstractAutowireCapableBeanFactory.initializeBean(AbstractAutowireCapableBeanFactory.java:1810) ~[spring-beans-6.2.6.jar:6.2.6]
	at org.springframework.beans.factory.support.AbstractAutowireCapableBeanFactory.doCreateBean(AbstractAutowireCapableBeanFactory.java:607) ~[spring-beans-6.2.6.jar:6.2.6]
	at org.springframework.beans.factory.support.AbstractAutowireCapableBeanFactory.createBean(AbstractAutowireCapableBeanFactory.java:529) ~[spring-beans-6.2.6.jar:6.2.6]
	at org.springframework.beans.factory.support.AbstractBeanFactory.lambda$doGetBean$0(AbstractBeanFactory.java:339) ~[spring-beans-6.2.6.jar:6.2.6]
	at org.springframework.beans.factory.support.DefaultSingletonBeanRegistry.getSingleton(DefaultSingletonBeanRegistry.java:371) ~[spring-beans-6.2.6.jar:6.2.6]
	at org.springframework.beans.factory.support.AbstractBeanFactory.doGetBean(AbstractBeanFactory.java:337) ~[spring-beans-6.2.6.jar:6.2.6]
	at org.springframework.beans.factory.support.AbstractBeanFactory.getBean(AbstractBeanFactory.java:202) ~[spring-beans-6.2.6.jar:6.2.6]
	at org.springframework.beans.factory.support.DefaultListableBeanFactory.instantiateSingleton(DefaultListableBeanFactory.java:1221) ~[spring-beans-6.2.6.jar:6.2.6]
	at org.springframework.beans.factory.support.DefaultListableBeanFactory.preInstantiateSingleton(DefaultListableBeanFactory.java:1187) ~[spring-beans-6.2.6.jar:6.2.6]
	at org.springframework.beans.factory.support.DefaultListableBeanFactory.preInstantiateSingletons(DefaultListableBeanFactory.java:1122) ~[spring-beans-6.2.6.jar:6.2.6]
	at org.springframework.context.support.AbstractApplicationContext.finishBeanFactoryInitialization(AbstractApplicationContext.java:987) ~[spring-context-6.2.6.jar:6.2.6]
	at org.springframework.context.support.AbstractApplicationContext.refresh(AbstractApplicationContext.java:627) ~[spring-context-6.2.6.jar:6.2.6]
	at org.springframework.boot.web.servlet.context.ServletWebServerApplicationContext.refresh(ServletWebServerApplicationContext.java:146) ~[spring-boot-3.4.5.jar:3.4.5]
	at org.springframework.boot.SpringApplication.refresh(SpringApplication.java:753) ~[spring-boot-3.4.5.jar:3.4.5]
	at org.springframework.boot.SpringApplication.refreshContext(SpringApplication.java:439) ~[spring-boot-3.4.5.jar:3.4.5]
	at org.springframework.boot.SpringApplication.run(SpringApplication.java:318) ~[spring-boot-3.4.5.jar:3.4.5]
	at org.springframework.boot.SpringApplication.run(SpringApplication.java:1362) ~[spring-boot-3.4.5.jar:3.4.5]
	at org.springframework.boot.SpringApplication.run(SpringApplication.java:1351) ~[spring-boot-3.4.5.jar:3.4.5]
	at space.thinhtran.warehouse.WarehouseApplication.main(WarehouseApplication.java:11) ~[classes/:na]
Caused by: java.security.InvalidParameterException: Wrong keysize: must be equal to 128, 192 or 256
	at java.base/com.sun.crypto.provider.AESKeyGenerator.engineInit(AESKeyGenerator.java:94) ~[na:na]
	at java.base/javax.crypto.KeyGenerator.init(KeyGenerator.java:539) ~[na:na]
	at java.base/javax.crypto.KeyGenerator.init(KeyGenerator.java:516) ~[na:na]
	at space.thinhtran.warehouse.util.CryptoUtil.generateAESKey(CryptoUtil.java:23) ~[classes/:na]
	at space.thinhtran.warehouse.controller.CryptoTestController.init(CryptoTestController.java:32) ~[classes/:na]
	at java.base/jdk.internal.reflect.NativeMethodAccessorImpl.invoke0(Native Method) ~[na:na]
	at java.base/jdk.internal.reflect.NativeMethodAccessorImpl.invoke(NativeMethodAccessorImpl.java:77) ~[na:na]
	at java.base/jdk.internal.reflect.DelegatingMethodAccessorImpl.invoke(DelegatingMethodAccessorImpl.java:43) ~[na:na]
	at java.base/java.lang.reflect.Method.invoke(Method.java:568) ~[na:na]
	at org.springframework.beans.factory.annotation.InitDestroyAnnotationBeanPostProcessor$LifecycleMethod.invoke(InitDestroyAnnotationBeanPostProcessor.java:457) ~[spring-beans-6.2.6.jar:6.2.6]
	at org.springframework.beans.factory.annotation.InitDestroyAnnotationBeanPostProcessor$LifecycleMetadata.invokeInitMethods(InitDestroyAnnotationBeanPostProcessor.java:401) ~[spring-beans-6.2.6.jar:6.2.6]
	at org.springframework.beans.factory.annotation.InitDestroyAnnotationBeanPostProcessor.postProcessBeforeInitialization(InitDestroyAnnotationBeanPostProcessor.java:219) ~[spring-beans-6.2.6.jar:6.2.6]
	... 20 common frames omitted

2025-05-21T13:04:50.667+07:00  INFO 11108 --- [warehouse] [main] s.t.warehouse.WarehouseApplication       : Starting WarehouseApplication using Java 17.0.5 with PID 11108 (D:\Desktop\warehouse\target\classes started by ThinhTran in D:\Desktop\warehouse)
2025-05-21T13:04:50.671+07:00 DEBUG 11108 --- [warehouse] [main] s.t.warehouse.WarehouseApplication       : Running with Spring Boot v3.4.5, Spring v6.2.6
2025-05-21T13:04:50.672+07:00  INFO 11108 --- [warehouse] [main] s.t.warehouse.WarehouseApplication       : No active profile set, falling back to 1 default profile: "default"
2025-05-21T13:04:51.679+07:00  INFO 11108 --- [warehouse] [main] .s.d.r.c.RepositoryConfigurationDelegate : Bootstrapping Spring Data JPA repositories in DEFAULT mode.
2025-05-21T13:04:51.739+07:00  INFO 11108 --- [warehouse] [main] .s.d.r.c.RepositoryConfigurationDelegate : Finished Spring Data repository scanning in 53 ms. Found 7 JPA repository interfaces.
2025-05-21T13:04:52.284+07:00  INFO 11108 --- [warehouse] [main] o.s.b.w.embedded.tomcat.TomcatWebServer  : Tomcat initialized with port 8080 (http)
2025-05-21T13:04:52.294+07:00  INFO 11108 --- [warehouse] [main] o.apache.catalina.core.StandardService   : Starting service [Tomcat]
2025-05-21T13:04:52.294+07:00  INFO 11108 --- [warehouse] [main] o.apache.catalina.core.StandardEngine    : Starting Servlet engine: [Apache Tomcat/10.1.40]
2025-05-21T13:04:52.341+07:00  INFO 11108 --- [warehouse] [main] o.a.c.c.C.[Tomcat].[localhost].[/]       : Initializing Spring embedded WebApplicationContext
2025-05-21T13:04:52.342+07:00  INFO 11108 --- [warehouse] [main] w.s.c.ServletWebServerApplicationContext : Root WebApplicationContext: initialization completed in 1607 ms
2025-05-21T13:04:52.462+07:00 DEBUG 11108 --- [warehouse] [main] .m.m.a.ExceptionHandlerExceptionResolver : ControllerAdvice beans: 2 @ExceptionHandler, 1 ResponseBodyAdvice
2025-05-21T13:04:52.648+07:00  INFO 11108 --- [warehouse] [main] com.zaxxer.hikari.HikariDataSource       : InventoryDB - Starting...
2025-05-21T13:04:52.923+07:00  INFO 11108 --- [warehouse] [main] com.zaxxer.hikari.pool.HikariPool        : InventoryDB - Added connection com.mysql.cj.jdbc.ConnectionImpl@7ed8b44
2025-05-21T13:04:52.925+07:00  INFO 11108 --- [warehouse] [main] com.zaxxer.hikari.HikariDataSource       : InventoryDB - Start completed.
2025-05-21T13:04:52.960+07:00  INFO 11108 --- [warehouse] [main] org.flywaydb.core.FlywayExecutor         : Database: jdbc:mysql://localhost:3306/InventoryDB?serverTimezone=Asia/Ho_Chi_Minh (MySQL 8.2)
2025-05-21T13:04:52.974+07:00  WARN 11108 --- [warehouse] [main] o.f.c.internal.database.base.Database    : Flyway upgrade recommended: MySQL 8.2 is newer than this version of Flyway and support has not been tested. The latest supported version of MySQL is 8.1.
2025-05-21T13:04:53.022+07:00  INFO 11108 --- [warehouse] [main] o.f.core.internal.command.DbValidate     : Successfully validated 8 migrations (execution time 00:00.040s)
2025-05-21T13:04:53.044+07:00  INFO 11108 --- [warehouse] [main] o.f.core.internal.command.DbMigrate      : Current version of schema `InventoryDB`: 7
2025-05-21T13:04:53.048+07:00  INFO 11108 --- [warehouse] [main] o.f.core.internal.command.DbMigrate      : Schema `InventoryDB` is up to date. No migration necessary.
2025-05-21T13:04:53.463+07:00  INFO 11108 --- [warehouse] [main] o.s.o.j.p.SpringPersistenceUnitInfo      : No LoadTimeWeaver setup: ignoring JPA class transformer
2025-05-21T13:04:54.598+07:00  INFO 11108 --- [warehouse] [main] j.LocalContainerEntityManagerFactoryBean : Initialized JPA EntityManagerFactory for persistence unit 'default'
2025-05-21T13:04:54.957+07:00 DEBUG 11108 --- [warehouse] [main] s.w.s.m.m.a.RequestMappingHandlerMapping : 22 mappings in 'requestMappingHandlerMapping'
2025-05-21T13:04:54.987+07:00  INFO 11108 --- [warehouse] [main] o.s.d.j.r.query.QueryEnhancerFactory     : Hibernate is in classpath; If applicable, HQL parser will be used.
2025-05-21T13:04:55.353+07:00 DEBUG 11108 --- [warehouse] [main] s.thinhtran.warehouse.filter.CorsFilter  : Filter 'corsFilter' configured for use
2025-05-21T13:04:55.354+07:00 DEBUG 11108 --- [warehouse] [main] s.t.w.f.FilterChainExceptionHandler      : Filter 'filterChainExceptionHandler' configured for use
2025-05-21T13:04:55.354+07:00 DEBUG 11108 --- [warehouse] [main] s.thinhtran.warehouse.filter.JwtFilter   : Filter 'jwtFilter' configured for use
2025-05-21T13:04:55.398+07:00  INFO 11108 --- [warehouse] [main] eAuthenticationProviderManagerConfigurer : Global AuthenticationManager configured with AuthenticationProvider bean with name authenticationProvider
2025-05-21T13:04:55.398+07:00  WARN 11108 --- [warehouse] [main] r$InitializeUserDetailsManagerConfigurer : Global AuthenticationManager configured with an AuthenticationProvider bean. UserDetailsService beans will not be used by Spring Security for automatically configuring username/password login. Consider removing the AuthenticationProvider bean. Alternatively, consider using the UserDetailsService in a manually instantiated DaoAuthenticationProvider. If the current configuration is intentional, to turn off this warning, increase the logging level of 'org.springframework.security.config.annotation.authentication.configuration.InitializeUserDetailsBeanManagerConfigurer' to ERROR
2025-05-21T13:04:56.109+07:00 DEBUG 11108 --- [warehouse] [main] o.s.w.s.handler.SimpleUrlHandlerMapping  : Patterns [/swagger-ui*/*swagger-initializer.js, /swagger-ui*/**] in 'resourceHandlerMapping'
2025-05-21T13:04:56.164+07:00 DEBUG 11108 --- [warehouse] [main] o.s.s.web.DefaultSecurityFilterChain     : Will secure any request with filters: DisableEncodeUrlFilter, WebAsyncManagerIntegrationFilter, SecurityContextHolderFilter, HeaderWriterFilter, FilterChainExceptionHandler, LogoutFilter, JwtFilter, RequestCacheAwareFilter, SecurityContextHolderAwareRequestFilter, AnonymousAuthenticationFilter, SessionManagementFilter, ExceptionTranslationFilter, AuthorizationFilter
2025-05-21T13:04:56.200+07:00 DEBUG 11108 --- [warehouse] [main] s.w.s.m.m.a.RequestMappingHandlerAdapter : ControllerAdvice beans: 0 @ModelAttribute, 0 @InitBinder, 1 RequestBodyAdvice, 1 ResponseBodyAdvice
2025-05-21T13:04:56.533+07:00  INFO 11108 --- [warehouse] [main] o.s.b.w.embedded.tomcat.TomcatWebServer  : Tomcat started on port 8080 (http) with context path '/'
2025-05-21T13:04:56.540+07:00  INFO 11108 --- [warehouse] [main] s.t.warehouse.WarehouseApplication       : Started WarehouseApplication in 6.599 seconds (process running for 7.51)
2025-05-21T13:04:56.750+07:00  INFO 11108 --- [warehouse] [main] s.t.w.s.impl.PermissionServiceImpl       : Total permissions synced: 20 
2025-05-21T13:04:59.936+07:00  INFO 11108 --- [warehouse] [http-nio-8080-exec-1] o.a.c.c.C.[Tomcat].[localhost].[/]       : Initializing Spring DispatcherServlet 'dispatcherServlet'
2025-05-21T13:04:59.936+07:00  INFO 11108 --- [warehouse] [http-nio-8080-exec-1] o.s.web.servlet.DispatcherServlet        : Initializing Servlet 'dispatcherServlet'
2025-05-21T13:04:59.936+07:00 DEBUG 11108 --- [warehouse] [http-nio-8080-exec-1] o.s.web.servlet.DispatcherServlet        : Detected StandardServletMultipartResolver
2025-05-21T13:04:59.936+07:00 DEBUG 11108 --- [warehouse] [http-nio-8080-exec-1] o.s.web.servlet.DispatcherServlet        : Detected AcceptHeaderLocaleResolver
2025-05-21T13:04:59.936+07:00 DEBUG 11108 --- [warehouse] [http-nio-8080-exec-1] o.s.web.servlet.DispatcherServlet        : Detected FixedThemeResolver
2025-05-21T13:04:59.937+07:00 DEBUG 11108 --- [warehouse] [http-nio-8080-exec-1] o.s.web.servlet.DispatcherServlet        : Detected org.springframework.web.servlet.view.DefaultRequestToViewNameTranslator@18be5bce
2025-05-21T13:04:59.938+07:00 DEBUG 11108 --- [warehouse] [http-nio-8080-exec-1] o.s.web.servlet.DispatcherServlet        : Detected org.springframework.web.servlet.support.SessionFlashMapManager@6aa34b05
2025-05-21T13:04:59.938+07:00 DEBUG 11108 --- [warehouse] [http-nio-8080-exec-1] o.s.web.servlet.DispatcherServlet        : enableLoggingRequestDetails='false': request parameters and headers will be masked to prevent unsafe logging of potentially sensitive data
2025-05-21T13:04:59.938+07:00  INFO 11108 --- [warehouse] [http-nio-8080-exec-1] o.s.web.servlet.DispatcherServlet        : Completed initialization in 2 ms
2025-05-21T13:04:59.951+07:00 DEBUG 11108 --- [warehouse] [http-nio-8080-exec-1] o.s.security.web.FilterChainProxy        : Securing GET /swagger-ui/index.html
2025-05-21T13:04:59.957+07:00 DEBUG 11108 --- [warehouse] [http-nio-8080-exec-1] o.s.s.w.a.AnonymousAuthenticationFilter  : Set SecurityContextHolder to anonymous SecurityContext
2025-05-21T13:04:59.958+07:00 DEBUG 11108 --- [warehouse] [http-nio-8080-exec-1] o.s.security.web.FilterChainProxy        : Secured GET /swagger-ui/index.html
2025-05-21T13:04:59.961+07:00 DEBUG 11108 --- [warehouse] [http-nio-8080-exec-1] o.s.web.servlet.DispatcherServlet        : GET "/swagger-ui/index.html", parameters={}
2025-05-21T13:04:59.963+07:00 DEBUG 11108 --- [warehouse] [http-nio-8080-exec-1] o.s.w.s.handler.SimpleUrlHandlerMapping  : Mapped to ResourceHttpRequestHandler [classpath [META-INF/resources/webjars/]]
2025-05-21T13:04:59.985+07:00 DEBUG 11108 --- [warehouse] [http-nio-8080-exec-1] o.s.web.servlet.DispatcherServlet        : Completed 200 OK
2025-05-21T13:05:00.013+07:00 DEBUG 11108 --- [warehouse] [http-nio-8080-exec-2] o.s.security.web.FilterChainProxy        : Securing GET /swagger-ui/swagger-initializer.js
2025-05-21T13:05:00.014+07:00 DEBUG 11108 --- [warehouse] [http-nio-8080-exec-2] o.s.s.w.a.AnonymousAuthenticationFilter  : Set SecurityContextHolder to anonymous SecurityContext
2025-05-21T13:05:00.015+07:00 DEBUG 11108 --- [warehouse] [http-nio-8080-exec-2] o.s.security.web.FilterChainProxy        : Secured GET /swagger-ui/swagger-initializer.js
2025-05-21T13:05:00.016+07:00 DEBUG 11108 --- [warehouse] [http-nio-8080-exec-2] o.s.web.servlet.DispatcherServlet        : GET "/swagger-ui/swagger-initializer.js", parameters={}
2025-05-21T13:05:00.017+07:00 DEBUG 11108 --- [warehouse] [http-nio-8080-exec-2] o.s.w.s.handler.SimpleUrlHandlerMapping  : Mapped to ResourceHttpRequestHandler [classpath [META-INF/resources/webjars/]]
2025-05-21T13:05:00.031+07:00 DEBUG 11108 --- [warehouse] [http-nio-8080-exec-2] o.s.web.servlet.DispatcherServlet        : Completed 200 OK
2025-05-21T13:05:00.118+07:00 DEBUG 11108 --- [warehouse] [http-nio-8080-exec-3] o.s.security.web.FilterChainProxy        : Securing GET /v3/api-docs/swagger-config
2025-05-21T13:05:00.118+07:00 DEBUG 11108 --- [warehouse] [http-nio-8080-exec-3] o.s.s.w.a.AnonymousAuthenticationFilter  : Set SecurityContextHolder to anonymous SecurityContext
2025-05-21T13:05:00.119+07:00 DEBUG 11108 --- [warehouse] [http-nio-8080-exec-3] o.s.security.web.FilterChainProxy        : Secured GET /v3/api-docs/swagger-config
2025-05-21T13:05:00.119+07:00 DEBUG 11108 --- [warehouse] [http-nio-8080-exec-3] o.s.web.servlet.DispatcherServlet        : GET "/v3/api-docs/swagger-config", parameters={}
2025-05-21T13:05:00.119+07:00 DEBUG 11108 --- [warehouse] [http-nio-8080-exec-3] s.w.s.m.m.a.RequestMappingHandlerMapping : Mapped to org.springdoc.webmvc.ui.SwaggerConfigResource#openapiJson(HttpServletRequest)
2025-05-21T13:05:00.133+07:00 DEBUG 11108 --- [warehouse] [http-nio-8080-exec-3] m.m.a.RequestResponseBodyMethodProcessor : Using 'application/json', given [*/*] and supported [application/json]
2025-05-21T13:05:00.135+07:00 DEBUG 11108 --- [warehouse] [http-nio-8080-exec-3] m.m.a.RequestResponseBodyMethodProcessor : Writing [{configUrl=/v3/api-docs/swagger-config, oauth2RedirectUrl=http://localhost:8080/swagger-ui/oauth2-re (truncated)...]
2025-05-21T13:05:00.141+07:00 DEBUG 11108 --- [warehouse] [http-nio-8080-exec-3] o.s.web.servlet.DispatcherServlet        : Completed 200 OK
2025-05-21T13:05:00.151+07:00 DEBUG 11108 --- [warehouse] [http-nio-8080-exec-4] o.s.security.web.FilterChainProxy        : Securing GET /v3/api-docs
2025-05-21T13:05:00.152+07:00 DEBUG 11108 --- [warehouse] [http-nio-8080-exec-4] o.s.s.w.a.AnonymousAuthenticationFilter  : Set SecurityContextHolder to anonymous SecurityContext
2025-05-21T13:05:00.152+07:00 DEBUG 11108 --- [warehouse] [http-nio-8080-exec-4] o.s.security.web.FilterChainProxy        : Secured GET /v3/api-docs
2025-05-21T13:05:00.152+07:00 DEBUG 11108 --- [warehouse] [http-nio-8080-exec-4] o.s.web.servlet.DispatcherServlet        : GET "/v3/api-docs", parameters={}
2025-05-21T13:05:00.152+07:00 DEBUG 11108 --- [warehouse] [http-nio-8080-exec-4] s.w.s.m.m.a.RequestMappingHandlerMapping : Mapped to org.springdoc.webmvc.api.OpenApiWebMvcResource#openapiJson(HttpServletRequest, String, Locale)
2025-05-21T13:05:00.399+07:00  INFO 11108 --- [warehouse] [http-nio-8080-exec-4] o.springdoc.api.AbstractOpenApiResource  : Init duration for springdoc-openapi is: 234 ms
2025-05-21T13:05:00.427+07:00 DEBUG 11108 --- [warehouse] [http-nio-8080-exec-4] m.m.a.RequestResponseBodyMethodProcessor : Using 'application/json', given [application/json, */*] and supported [application/json]
2025-05-21T13:05:00.428+07:00 DEBUG 11108 --- [warehouse] [http-nio-8080-exec-4] m.m.a.RequestResponseBodyMethodProcessor : Writing [{123, 34, 111, 112, 101, 110, 97, 112, 105, 34, 58, 34, 51, 46, 48, 46, 49, 34, 44, 34, 105, 110, 10 (truncated)...]
2025-05-21T13:05:00.429+07:00 DEBUG 11108 --- [warehouse] [http-nio-8080-exec-4] o.s.web.servlet.DispatcherServlet        : Completed 200 OK
2025-05-21T13:05:01.858+07:00 DEBUG 11108 --- [warehouse] [http-nio-8080-exec-5] o.s.security.web.FilterChainProxy        : Securing GET /sw.js
2025-05-21T13:05:01.860+07:00 DEBUG 11108 --- [warehouse] [http-nio-8080-exec-5] .m.m.a.ExceptionHandlerExceptionResolver : Using @ExceptionHandler space.thinhtran.warehouse.exception.ApiExceptionHandler#handleMissingTokenException(MissingTokenException, WebRequest)
2025-05-21T13:05:01.861+07:00 ERROR 11108 --- [warehouse] [http-nio-8080-exec-5] s.t.w.exception.ApiExceptionHandler      : Error: URI: /sw.js, Message: Token missing, Method: GET
2025-05-21T13:05:01.864+07:00 DEBUG 11108 --- [warehouse] [http-nio-8080-exec-5] o.s.w.s.m.m.a.HttpEntityMethodProcessor  : Using 'application/json', given [*/*] and supported [application/json, application/*+json, application/yaml]
2025-05-21T13:05:01.864+07:00 DEBUG 11108 --- [warehouse] [http-nio-8080-exec-5] o.s.w.s.m.m.a.HttpEntityMethodProcessor  : Writing [ErrorResp(statusCode=401 UNAUTHORIZED, title=Unauthorized, detail=Token missing, fieldErrors=null)]
2025-05-21T13:05:01.865+07:00 DEBUG 11108 --- [warehouse] [http-nio-8080-exec-5] .m.m.a.ExceptionHandlerExceptionResolver : Resolved [space.thinhtran.warehouse.exception.MissingTokenException: Token missing]
2025-05-21T13:05:28.624+07:00 DEBUG 11108 --- [warehouse] [http-nio-8080-exec-6] o.s.security.web.FilterChainProxy        : Securing POST /api/crypto/rsa/sign
2025-05-21T13:05:28.624+07:00 DEBUG 11108 --- [warehouse] [http-nio-8080-exec-6] o.s.s.w.a.AnonymousAuthenticationFilter  : Set SecurityContextHolder to anonymous SecurityContext
2025-05-21T13:05:28.625+07:00 DEBUG 11108 --- [warehouse] [http-nio-8080-exec-6] o.s.security.web.FilterChainProxy        : Secured POST /api/crypto/rsa/sign
2025-05-21T13:05:28.625+07:00 DEBUG 11108 --- [warehouse] [http-nio-8080-exec-6] o.s.web.servlet.DispatcherServlet        : POST "/api/crypto/rsa/sign", parameters={}
2025-05-21T13:05:28.626+07:00 DEBUG 11108 --- [warehouse] [http-nio-8080-exec-6] s.w.s.m.m.a.RequestMappingHandlerMapping : Mapped to space.thinhtran.warehouse.controller.CryptoTestController#signData(Map)
2025-05-21T13:05:28.637+07:00 DEBUG 11108 --- [warehouse] [http-nio-8080-exec-6] m.m.a.RequestResponseBodyMethodProcessor : Read "application/json;charset=UTF-8" to [{data=string}]
2025-05-21T13:05:28.660+07:00 DEBUG 11108 --- [warehouse] [http-nio-8080-exec-6] m.m.a.RequestResponseBodyMethodProcessor : Using 'application/json', given [*/*] and supported [application/json, application/*+json, application/yaml]
2025-05-21T13:05:28.661+07:00 DEBUG 11108 --- [warehouse] [http-nio-8080-exec-6] m.m.a.RequestResponseBodyMethodProcessor : Writing [{signature=giy1oZxa5cjTn+VJp76fG59WM71t/W+X4MEi8TQS5ow6Flkrm3poJhem3HTvolcIX6KE7Jt2DoGSOx1/HZyb4knAn (truncated)...]
2025-05-21T13:05:28.662+07:00 DEBUG 11108 --- [warehouse] [http-nio-8080-exec-6] o.s.web.servlet.DispatcherServlet        : Completed 200 OK
2025-05-21T13:05:59.635+07:00 DEBUG 11108 --- [warehouse] [http-nio-8080-exec-7] o.s.security.web.FilterChainProxy        : Securing GET /sw.js
2025-05-21T13:05:59.635+07:00 DEBUG 11108 --- [warehouse] [http-nio-8080-exec-7] .m.m.a.ExceptionHandlerExceptionResolver : Using @ExceptionHandler space.thinhtran.warehouse.exception.ApiExceptionHandler#handleMissingTokenException(MissingTokenException, WebRequest)
2025-05-21T13:05:59.636+07:00 ERROR 11108 --- [warehouse] [http-nio-8080-exec-7] s.t.w.exception.ApiExceptionHandler      : Error: URI: /sw.js, Message: Token missing, Method: GET
2025-05-21T13:05:59.636+07:00 DEBUG 11108 --- [warehouse] [http-nio-8080-exec-7] o.s.w.s.m.m.a.HttpEntityMethodProcessor  : Using 'application/json', given [*/*] and supported [application/json, application/*+json, application/yaml]
2025-05-21T13:05:59.636+07:00 DEBUG 11108 --- [warehouse] [http-nio-8080-exec-7] o.s.w.s.m.m.a.HttpEntityMethodProcessor  : Writing [ErrorResp(statusCode=401 UNAUTHORIZED, title=Unauthorized, detail=Token missing, fieldErrors=null)]
2025-05-21T13:05:59.637+07:00 DEBUG 11108 --- [warehouse] [http-nio-8080-exec-7] .m.m.a.ExceptionHandlerExceptionResolver : Resolved [space.thinhtran.warehouse.exception.MissingTokenException: Token missing]
2025-05-21T13:06:02.266+07:00  INFO 11108 --- [warehouse] [SpringApplicationShutdownHook] o.s.b.w.e.tomcat.GracefulShutdown        : Commencing graceful shutdown. Waiting for active requests to complete
2025-05-21T13:06:02.434+07:00  INFO 11108 --- [warehouse] [tomcat-shutdown] o.s.b.w.e.tomcat.GracefulShutdown        : Graceful shutdown complete
2025-05-21T13:06:02.438+07:00  INFO 11108 --- [warehouse] [SpringApplicationShutdownHook] j.LocalContainerEntityManagerFactoryBean : Closing JPA EntityManagerFactory for persistence unit 'default'
2025-05-21T13:06:02.440+07:00  INFO 11108 --- [warehouse] [SpringApplicationShutdownHook] com.zaxxer.hikari.HikariDataSource       : InventoryDB - Shutdown initiated...
2025-05-21T13:06:02.450+07:00  INFO 11108 --- [warehouse] [SpringApplicationShutdownHook] com.zaxxer.hikari.HikariDataSource       : InventoryDB - Shutdown completed.
